<?xml version="1.0" encoding="UTF-8"?>
<!-- Generated by org.testng.reporters.JUnitReportReporter -->
<testsuite skipped="0" hostname="LAPTOP-1039A2T5" name="com.runner.cucumberrun.Tc1" tests="6" failures="0" timestamp="23 Jun 2023 02:46:11 GMT" time="71.622" errors="0">
  <testcase name="runScenario" time="9.680" classname="com.runner.cucumberrun.Tc1"/>
  <testcase name="runScenario" time="12.568" classname="com.runner.cucumberrun.Tc1"/>
  <testcase name="runScenario" time="16.319" classname="com.runner.cucumberrun.Tc1"/>
  <testcase name="runScenario" time="8.488" classname="com.runner.cucumberrun.Tc1"/>
  <testcase name="runScenario" time="14.923" classname="com.runner.cucumberrun.Tc1"/>
  <testcase name="runScenario" time="9.644" classname="com.runner.cucumberrun.Tc1"/>
</testsuite> <!-- com.runner.cucumberrun.Tc1 -->
